{"timestamp":"2025-09-18T19:12:53.564Z","level":"error","message":"[Cache] Error getting key cats:list","key":"cats:list","error":"Reached the max retries per request limit (which is 20). Refer to \"maxRetriesPerRequest\" option for details."}
{"timestamp":"2025-09-18T19:12:53.564Z","level":"error","message":"[Cache] Error getting key cats:list","key":"cats:list","error":"Reached the max retries per request limit (which is 20). Refer to \"maxRetriesPerRequest\" option for details."}
{"timestamp":"2025-09-18T19:12:53.582Z","level":"error","message":"Database query failed","query":"SELECT id, name, breed, age, gender, description, image, data_ai_hint as \"dataAiHint\" FROM cats ORDER BY id","duration":14,"error":"getaddrinfo ENOTFOUND host"}
{"timestamp":"2025-09-18T19:12:53.656Z","level":"error","message":"[API][GET /api/cats] error","error":"Failed to fetch cats","duration":10853}
{"timestamp":"2025-09-18T19:12:53.657Z","level":"error","message":"Database query failed","query":"SELECT id, name, breed, age, gender, description, image, data_ai_hint as \"dataAiHint\" FROM cats ORDER BY id","duration":92,"error":"getaddrinfo ENOTFOUND host"}
{"timestamp":"2025-09-18T19:12:53.709Z","level":"error","message":"[API][GET /api/cats] error","error":"Failed to fetch cats","duration":10929}
{"timestamp":"2025-09-18T19:12:56.227Z","level":"error","message":"Database query failed","query":"SELECT id, username, email, password, name, avatar FROM users WHERE username = $1","duration":2,"error":"getaddrinfo ENOTFOUND host"}
{"timestamp":"2025-09-18T19:12:56.280Z","level":"error","message":"Error authenticating user","error":"Failed to fetch user","username":"Hill"}
{"timestamp":"2025-09-18T19:12:56.280Z","level":"info","message":"Invalid username or password","method":"POST","url":"/api/login","statusCode":401,"duration":56,"username":"Hill"}
{"timestamp":"2025-09-18T19:13:42.403Z","level":"error","message":"Database query failed","query":"SELECT id, username, email, password, name, avatar FROM users WHERE username = $1","duration":5,"error":"getaddrinfo ENOTFOUND host"}
{"timestamp":"2025-09-18T19:13:42.476Z","level":"error","message":"Error authenticating user","error":"Failed to fetch user","username":"Hill"}
{"timestamp":"2025-09-18T19:13:42.476Z","level":"warn","message":"Authentication succeeded using fallback admin credentials (database error)","username":"Hill"}
{"timestamp":"2025-09-18T19:13:42.479Z","level":"error","message":"Database query failed","query":"SELECT id, username, email, password, name, avatar FROM users WHERE username = $1","duration":3,"error":"getaddrinfo ENOTFOUND host"}
{"timestamp":"2025-09-18T19:13:42.554Z","level":"error","message":"Error authenticating user","error":"Failed to fetch user","username":"Hill"}
{"timestamp":"2025-09-18T19:13:42.554Z","level":"warn","message":"Authentication succeeded using fallback admin credentials (database error)","username":"Hill"}
{"timestamp":"2025-09-18T19:13:42.556Z","level":"info","message":"Login successful","method":"POST","url":"/api/login","statusCode":200,"duration":159,"userId":"fallback-admin","username":"Hill"}
{"timestamp":"2025-09-18T19:13:55.182Z","level":"error","message":"[Cache] Error getting key requests:list","key":"requests:list","error":"Reached the max retries per request limit (which is 20). Refer to \"maxRetriesPerRequest\" option for details."}
{"timestamp":"2025-09-18T19:13:55.182Z","level":"error","message":"[Cache] Error getting key requests:list","key":"requests:list","error":"Reached the max retries per request limit (which is 20). Refer to \"maxRetriesPerRequest\" option for details."}
{"timestamp":"2025-09-18T19:13:55.183Z","level":"error","message":"[Cache] Error getting key cats:list","key":"cats:list","error":"Reached the max retries per request limit (which is 20). Refer to \"maxRetriesPerRequest\" option for details."}
{"timestamp":"2025-09-18T19:13:55.183Z","level":"error","message":"[Cache] Error getting key cats:list","key":"cats:list","error":"Reached the max retries per request limit (which is 20). Refer to \"maxRetriesPerRequest\" option for details."}
{"timestamp":"2025-09-18T19:13:55.183Z","level":"error","message":"[Cache] Error getting key cats:list","key":"cats:list","error":"Reached the max retries per request limit (which is 20). Refer to \"maxRetriesPerRequest\" option for details."}
{"timestamp":"2025-09-18T19:13:55.183Z","level":"error","message":"[Cache] Error getting key cats:list","key":"cats:list","error":"Reached the max retries per request limit (which is 20). Refer to \"maxRetriesPerRequest\" option for details."}
{"timestamp":"2025-09-18T19:13:55.187Z","level":"error","message":"Database query failed","query":"SELECT id, cat_name as \"catName\", request_date as \"requestDate\", status,\n                applicant_name as \"applicant.name\", applicant_email as \"applicant.email\",\n                applicant_phone as \"applicant.phone\", applicant_address as \"applicant.address\",\n                applicant_reason as \"applicant.reason\"\n         FROM adoption_requests ORDER BY id","duration":3,"error":"getaddrinfo ENOTFOUND host"}
{"timestamp":"2025-09-18T19:13:55.366Z","level":"error","message":"Database query failed","query":"SELECT id, cat_name as \"catName\", request_date as \"requestDate\", status,\n                applicant_name as \"applicant.name\", applicant_email as \"applicant.email\",\n                applicant_phone as \"applicant.phone\", applicant_address as \"applicant.address\",\n                applicant_reason as \"applicant.reason\"\n         FROM adoption_requests ORDER BY id","duration":183,"error":"getaddrinfo ENOTFOUND host"}
{"timestamp":"2025-09-18T19:13:55.527Z","level":"error","message":"Database query failed","query":"SELECT id, name, breed, age, gender, description, image, data_ai_hint as \"dataAiHint\" FROM cats ORDER BY id","duration":342,"error":"getaddrinfo ENOTFOUND host"}
{"timestamp":"2025-09-18T19:13:55.593Z","level":"error","message":"[API][GET /api/cats] error","error":"Failed to fetch cats","duration":10942}
{"timestamp":"2025-09-18T19:13:55.595Z","level":"error","message":"Database query failed","query":"SELECT id, name, breed, age, gender, description, image, data_ai_hint as \"dataAiHint\" FROM cats ORDER BY id","duration":410,"error":"getaddrinfo ENOTFOUND host"}
{"timestamp":"2025-09-18T19:13:55.662Z","level":"error","message":"[API][GET /api/cats] error","error":"Failed to fetch cats","duration":11013}
{"timestamp":"2025-09-18T19:13:55.664Z","level":"error","message":"Database query failed","query":"SELECT id, name, breed, age, gender, description, image, data_ai_hint as \"dataAiHint\" FROM cats ORDER BY id","duration":479,"error":"getaddrinfo ENOTFOUND host"}
{"timestamp":"2025-09-18T19:13:55.730Z","level":"error","message":"[API][GET /api/cats] error","error":"Failed to fetch cats","duration":7523}
{"timestamp":"2025-09-18T19:13:55.732Z","level":"error","message":"Database query failed","query":"SELECT id, name, breed, age, gender, description, image, data_ai_hint as \"dataAiHint\" FROM cats ORDER BY id","duration":547,"error":"getaddrinfo ENOTFOUND host"}
{"timestamp":"2025-09-18T19:13:55.791Z","level":"error","message":"[API][GET /api/cats] error","error":"Failed to fetch cats","duration":7595}
{"timestamp":"2025-09-18T19:14:27.763Z","level":"error","message":"[Cache] Error getting key cats:list","key":"cats:list","error":"Reached the max retries per request limit (which is 20). Refer to \"maxRetriesPerRequest\" option for details."}
{"timestamp":"2025-09-18T19:14:27.763Z","level":"error","message":"[Cache] Error getting key cats:list","key":"cats:list","error":"Reached the max retries per request limit (which is 20). Refer to \"maxRetriesPerRequest\" option for details."}
{"timestamp":"2025-09-18T19:14:27.763Z","level":"error","message":"[Cache] Error getting key cats:list","key":"cats:list","error":"Reached the max retries per request limit (which is 20). Refer to \"maxRetriesPerRequest\" option for details."}
{"timestamp":"2025-09-18T19:14:27.763Z","level":"error","message":"[Cache] Error getting key cats:list","key":"cats:list","error":"Reached the max retries per request limit (which is 20). Refer to \"maxRetriesPerRequest\" option for details."}
{"timestamp":"2025-09-18T19:14:27.764Z","level":"error","message":"[Cache] Error getting key cats:list","key":"cats:list","error":"Reached the max retries per request limit (which is 20). Refer to \"maxRetriesPerRequest\" option for details."}
{"timestamp":"2025-09-18T19:14:27.764Z","level":"error","message":"[Cache] Error getting key cats:list","key":"cats:list","error":"Reached the max retries per request limit (which is 20). Refer to \"maxRetriesPerRequest\" option for details."}
{"timestamp":"2025-09-18T19:14:27.768Z","level":"error","message":"Database query failed","query":"SELECT id, name, breed, age, gender, description, image, data_ai_hint as \"dataAiHint\" FROM cats ORDER BY id","duration":3,"error":"getaddrinfo ENOTFOUND host"}
{"timestamp":"2025-09-18T19:14:27.876Z","level":"error","message":"[API][GET /api/cats] error","error":"Failed to fetch cats","duration":32042}
{"timestamp":"2025-09-18T19:14:27.877Z","level":"error","message":"Database query failed","query":"SELECT id, name, breed, age, gender, description, image, data_ai_hint as \"dataAiHint\" FROM cats ORDER BY id","duration":113,"error":"getaddrinfo ENOTFOUND host"}
{"timestamp":"2025-09-18T19:14:27.940Z","level":"error","message":"[API][GET /api/cats] error","error":"Failed to fetch cats","duration":32108}
{"timestamp":"2025-09-18T19:14:27.942Z","level":"error","message":"Database query failed","query":"SELECT id, name, breed, age, gender, description, image, data_ai_hint as \"dataAiHint\" FROM cats ORDER BY id","duration":176,"error":"getaddrinfo ENOTFOUND host"}
{"timestamp":"2025-09-18T19:14:28.029Z","level":"error","message":"[API][GET /api/cats] error","error":"Failed to fetch cats","duration":32193}
{"timestamp":"2025-09-18T19:14:28.031Z","level":"error","message":"Database query failed","query":"SELECT id, name, breed, age, gender, description, image, data_ai_hint as \"dataAiHint\" FROM cats ORDER BY id","duration":265,"error":"getaddrinfo ENOTFOUND host"}
{"timestamp":"2025-09-18T19:14:28.098Z","level":"error","message":"[API][GET /api/cats] error","error":"Failed to fetch cats","duration":32261}
{"timestamp":"2025-09-18T19:14:28.099Z","level":"error","message":"Database query failed","query":"SELECT id, name, breed, age, gender, description, image, data_ai_hint as \"dataAiHint\" FROM cats ORDER BY id","duration":333,"error":"getaddrinfo ENOTFOUND host"}
{"timestamp":"2025-09-18T19:14:28.165Z","level":"error","message":"[API][GET /api/cats] error","error":"Failed to fetch cats","duration":32325}
{"timestamp":"2025-09-18T19:14:28.166Z","level":"error","message":"Database query failed","query":"SELECT id, name, breed, age, gender, description, image, data_ai_hint as \"dataAiHint\" FROM cats ORDER BY id","duration":400,"error":"getaddrinfo ENOTFOUND host"}
{"timestamp":"2025-09-18T19:14:28.231Z","level":"error","message":"[API][GET /api/cats] error","error":"Failed to fetch cats","duration":32390}
{"timestamp":"2025-09-18T19:18:36.288Z","level":"error","message":"[Cache] Error getting key requests:list","key":"requests:list","error":"Reached the max retries per request limit (which is 20). Refer to \"maxRetriesPerRequest\" option for details."}
{"timestamp":"2025-09-18T19:18:36.289Z","level":"error","message":"[Cache] Error getting key requests:list","key":"requests:list","error":"Reached the max retries per request limit (which is 20). Refer to \"maxRetriesPerRequest\" option for details."}
{"timestamp":"2025-09-18T19:18:36.289Z","level":"error","message":"[Cache] Error getting key cats:list","key":"cats:list","error":"Reached the max retries per request limit (which is 20). Refer to \"maxRetriesPerRequest\" option for details."}
{"timestamp":"2025-09-18T19:18:36.289Z","level":"error","message":"[Cache] Error getting key cats:list","key":"cats:list","error":"Reached the max retries per request limit (which is 20). Refer to \"maxRetriesPerRequest\" option for details."}
{"timestamp":"2025-09-18T19:18:36.289Z","level":"error","message":"[Cache] Error getting key cats:list","key":"cats:list","error":"Reached the max retries per request limit (which is 20). Refer to \"maxRetriesPerRequest\" option for details."}
{"timestamp":"2025-09-18T19:18:36.290Z","level":"error","message":"[Cache] Error getting key cats:list","key":"cats:list","error":"Reached the max retries per request limit (which is 20). Refer to \"maxRetriesPerRequest\" option for details."}
{"timestamp":"2025-09-18T19:18:36.308Z","level":"error","message":"Database query failed","query":"SELECT id, cat_name as \"catName\", request_date as \"requestDate\", status,\n                applicant_name as \"applicant.name\", applicant_email as \"applicant.email\",\n                applicant_phone as \"applicant.phone\", applicant_address as \"applicant.address\",\n                applicant_reason as \"applicant.reason\"\n         FROM adoption_requests ORDER BY id","duration":15,"error":"getaddrinfo ENOTFOUND host"}
{"timestamp":"2025-09-18T19:18:36.526Z","level":"error","message":"Database query failed","query":"SELECT id, cat_name as \"catName\", request_date as \"requestDate\", status,\n                applicant_name as \"applicant.name\", applicant_email as \"applicant.email\",\n                applicant_phone as \"applicant.phone\", applicant_address as \"applicant.address\",\n                applicant_reason as \"applicant.reason\"\n         FROM adoption_requests ORDER BY id","duration":236,"error":"getaddrinfo ENOTFOUND host"}
{"timestamp":"2025-09-18T19:18:36.664Z","level":"error","message":"Database query failed","query":"SELECT id, name, breed, age, gender, description, image, data_ai_hint as \"dataAiHint\" FROM cats ORDER BY id","duration":369,"error":"getaddrinfo ENOTFOUND host"}
{"timestamp":"2025-09-18T19:18:36.727Z","level":"error","message":"[API][GET /api/cats] error","error":"Failed to fetch cats","duration":10971}
{"timestamp":"2025-09-18T19:18:36.729Z","level":"error","message":"Database query failed","query":"SELECT id, name, breed, age, gender, description, image, data_ai_hint as \"dataAiHint\" FROM cats ORDER BY id","duration":435,"error":"getaddrinfo ENOTFOUND host"}
{"timestamp":"2025-09-18T19:18:36.787Z","level":"error","message":"[API][GET /api/cats] error","error":"Failed to fetch cats","duration":11029}
{"timestamp":"2025-09-18T19:18:36.789Z","level":"error","message":"Database query failed","query":"SELECT id, name, breed, age, gender, description, image, data_ai_hint as \"dataAiHint\" FROM cats ORDER BY id","duration":495,"error":"getaddrinfo ENOTFOUND host"}
{"timestamp":"2025-09-18T19:18:36.846Z","level":"error","message":"[API][GET /api/cats] error","error":"Failed to fetch cats","duration":9053}
{"timestamp":"2025-09-18T19:18:36.848Z","level":"error","message":"Database query failed","query":"SELECT id, name, breed, age, gender, description, image, data_ai_hint as \"dataAiHint\" FROM cats ORDER BY id","duration":553,"error":"getaddrinfo ENOTFOUND host"}
{"timestamp":"2025-09-18T19:18:36.909Z","level":"error","message":"[API][GET /api/cats] error","error":"Failed to fetch cats","duration":9099}
{"timestamp":"2025-09-21T07:52:38.929Z","level":"error","message":"[Cache] Error getting key cats:list","key":"cats:list","error":"Reached the max retries per request limit (which is 20). Refer to \"maxRetriesPerRequest\" option for details."}
{"timestamp":"2025-09-21T07:52:38.929Z","level":"error","message":"[Cache] Error getting key cats:list","key":"cats:list","error":"Reached the max retries per request limit (which is 20). Refer to \"maxRetriesPerRequest\" option for details."}
{"timestamp":"2025-09-21T07:52:38.930Z","level":"error","message":"[Cache] Error getting key cats:list","key":"cats:list","error":"Reached the max retries per request limit (which is 20). Refer to \"maxRetriesPerRequest\" option for details."}
{"timestamp":"2025-09-21T07:52:38.930Z","level":"error","message":"[Cache] Error getting key cats:list","key":"cats:list","error":"Reached the max retries per request limit (which is 20). Refer to \"maxRetriesPerRequest\" option for details."}
{"timestamp":"2025-09-21T07:52:38.930Z","level":"error","message":"[Cache] Error getting key requests:list","key":"requests:list","error":"Reached the max retries per request limit (which is 20). Refer to \"maxRetriesPerRequest\" option for details."}
{"timestamp":"2025-09-21T07:52:38.930Z","level":"error","message":"[Cache] Error getting key requests:list","key":"requests:list","error":"Reached the max retries per request limit (which is 20). Refer to \"maxRetriesPerRequest\" option for details."}
{"timestamp":"2025-09-21T07:52:38.959Z","level":"error","message":"Database query failed","query":"SELECT id, name, breed, age, gender, description, image, data_ai_hint as \"dataAiHint\" FROM cats ORDER BY id","duration":17,"error":"getaddrinfo ENOTFOUND host"}
{"timestamp":"2025-09-21T07:52:39.120Z","level":"error","message":"[API][GET /api/cats] error","error":"Failed to fetch cats","duration":10786}
{"timestamp":"2025-09-21T07:52:39.123Z","level":"error","message":"Database query failed","query":"SELECT id, name, breed, age, gender, description, image, data_ai_hint as \"dataAiHint\" FROM cats ORDER BY id","duration":178,"error":"getaddrinfo ENOTFOUND host"}
{"timestamp":"2025-09-21T07:52:39.215Z","level":"error","message":"[API][GET /api/cats] error","error":"Failed to fetch cats","duration":10877}
{"timestamp":"2025-09-21T07:52:39.217Z","level":"error","message":"Database query failed","query":"SELECT id, name, breed, age, gender, description, image, data_ai_hint as \"dataAiHint\" FROM cats ORDER BY id","duration":271,"error":"getaddrinfo ENOTFOUND host"}
{"timestamp":"2025-09-21T07:52:39.273Z","level":"error","message":"[API][GET /api/cats] error","error":"Failed to fetch cats","duration":7745}
{"timestamp":"2025-09-21T07:52:39.275Z","level":"error","message":"Database query failed","query":"SELECT id, name, breed, age, gender, description, image, data_ai_hint as \"dataAiHint\" FROM cats ORDER BY id","duration":330,"error":"getaddrinfo ENOTFOUND host"}
{"timestamp":"2025-09-21T07:52:39.335Z","level":"error","message":"[API][GET /api/cats] error","error":"Failed to fetch cats","duration":7810}
{"timestamp":"2025-09-21T07:52:39.337Z","level":"error","message":"Database query failed","query":"SELECT id, cat_name as \"catName\", request_date as \"requestDate\", status,\n                applicant_name as \"applicant.name\", applicant_email as \"applicant.email\",\n                applicant_phone as \"applicant.phone\", applicant_address as \"applicant.address\",\n                applicant_reason as \"applicant.reason\"\n         FROM adoption_requests ORDER BY id","duration":391,"error":"getaddrinfo ENOTFOUND host"}
{"timestamp":"2025-09-21T07:52:39.465Z","level":"error","message":"Database query failed","query":"SELECT id, cat_name as \"catName\", request_date as \"requestDate\", status,\n                applicant_name as \"applicant.name\", applicant_email as \"applicant.email\",\n                applicant_phone as \"applicant.phone\", applicant_address as \"applicant.address\",\n                applicant_reason as \"applicant.reason\"\n         FROM adoption_requests ORDER BY id","duration":519,"error":"getaddrinfo ENOTFOUND host"}
{"timestamp":"2025-09-21T07:53:11.506Z","level":"error","message":"[Cache] Error getting key cats:list","key":"cats:list","error":"Reached the max retries per request limit (which is 20). Refer to \"maxRetriesPerRequest\" option for details."}
{"timestamp":"2025-09-21T07:53:11.506Z","level":"error","message":"[Cache] Error getting key cats:list","key":"cats:list","error":"Reached the max retries per request limit (which is 20). Refer to \"maxRetriesPerRequest\" option for details."}
{"timestamp":"2025-09-21T07:53:11.506Z","level":"error","message":"[Cache] Error getting key cats:list","key":"cats:list","error":"Reached the max retries per request limit (which is 20). Refer to \"maxRetriesPerRequest\" option for details."}
{"timestamp":"2025-09-21T07:53:11.507Z","level":"error","message":"[Cache] Error getting key cats:list","key":"cats:list","error":"Reached the max retries per request limit (which is 20). Refer to \"maxRetriesPerRequest\" option for details."}
{"timestamp":"2025-09-21T07:53:11.507Z","level":"error","message":"[Cache] Error getting key cats:list","key":"cats:list","error":"Reached the max retries per request limit (which is 20). Refer to \"maxRetriesPerRequest\" option for details."}
{"timestamp":"2025-09-21T07:53:11.507Z","level":"error","message":"[Cache] Error getting key cats:list","key":"cats:list","error":"Reached the max retries per request limit (which is 20). Refer to \"maxRetriesPerRequest\" option for details."}
{"timestamp":"2025-09-21T07:53:11.518Z","level":"error","message":"Database query failed","query":"SELECT id, name, breed, age, gender, description, image, data_ai_hint as \"dataAiHint\" FROM cats ORDER BY id","duration":10,"error":"getaddrinfo ENOTFOUND host"}
{"timestamp":"2025-09-21T07:53:11.626Z","level":"error","message":"[API][GET /api/cats] error","error":"Failed to fetch cats","duration":30401}
{"timestamp":"2025-09-21T07:53:11.628Z","level":"error","message":"Database query failed","query":"SELECT id, name, breed, age, gender, description, image, data_ai_hint as \"dataAiHint\" FROM cats ORDER BY id","duration":121,"error":"getaddrinfo ENOTFOUND host"}
{"timestamp":"2025-09-21T07:53:11.721Z","level":"error","message":"[API][GET /api/cats] error","error":"Failed to fetch cats","duration":30498}
{"timestamp":"2025-09-21T07:53:11.723Z","level":"error","message":"Database query failed","query":"SELECT id, name, breed, age, gender, description, image, data_ai_hint as \"dataAiHint\" FROM cats ORDER BY id","duration":214,"error":"getaddrinfo ENOTFOUND host"}
{"timestamp":"2025-09-21T07:53:11.789Z","level":"error","message":"[API][GET /api/cats] error","error":"Failed to fetch cats","duration":30560}
{"timestamp":"2025-09-21T07:53:11.791Z","level":"error","message":"Database query failed","query":"SELECT id, name, breed, age, gender, description, image, data_ai_hint as \"dataAiHint\" FROM cats ORDER BY id","duration":282,"error":"getaddrinfo ENOTFOUND host"}
{"timestamp":"2025-09-21T07:53:11.845Z","level":"error","message":"[API][GET /api/cats] error","error":"Failed to fetch cats","duration":30618}
{"timestamp":"2025-09-21T07:53:11.846Z","level":"error","message":"Database query failed","query":"SELECT id, name, breed, age, gender, description, image, data_ai_hint as \"dataAiHint\" FROM cats ORDER BY id","duration":336,"error":"getaddrinfo ENOTFOUND host"}
{"timestamp":"2025-09-21T07:53:11.904Z","level":"error","message":"[API][GET /api/cats] error","error":"Failed to fetch cats","duration":30674}
{"timestamp":"2025-09-21T07:53:11.905Z","level":"error","message":"Database query failed","query":"SELECT id, name, breed, age, gender, description, image, data_ai_hint as \"dataAiHint\" FROM cats ORDER BY id","duration":395,"error":"getaddrinfo ENOTFOUND host"}
{"timestamp":"2025-09-21T07:53:11.968Z","level":"error","message":"[API][GET /api/cats] error","error":"Failed to fetch cats","duration":30736}
{"timestamp":"2025-09-21T07:53:53.592Z","level":"error","message":"[Cache] Error getting key cats:list","key":"cats:list","error":"Reached the max retries per request limit (which is 20). Refer to \"maxRetriesPerRequest\" option for details."}
{"timestamp":"2025-09-21T07:53:53.592Z","level":"error","message":"[Cache] Error getting key cats:list","key":"cats:list","error":"Reached the max retries per request limit (which is 20). Refer to \"maxRetriesPerRequest\" option for details."}
{"timestamp":"2025-09-21T07:53:53.596Z","level":"error","message":"Database query failed","query":"SELECT id, name, breed, age, gender, description, image, data_ai_hint as \"dataAiHint\" FROM cats ORDER BY id","duration":3,"error":"getaddrinfo ENOTFOUND host"}
{"timestamp":"2025-09-21T07:53:53.681Z","level":"error","message":"[API][GET /api/cats] error","error":"Failed to fetch cats","duration":41561}
{"timestamp":"2025-09-21T07:53:53.684Z","level":"error","message":"Database query failed","query":"SELECT id, name, breed, age, gender, description, image, data_ai_hint as \"dataAiHint\" FROM cats ORDER BY id","duration":90,"error":"getaddrinfo ENOTFOUND host"}
{"timestamp":"2025-09-21T07:53:53.745Z","level":"error","message":"[API][GET /api/cats] error","error":"Failed to fetch cats","duration":41624}
{"timestamp":"2025-09-21T07:54:35.693Z","level":"error","message":"[Cache] Error getting key requests:list","key":"requests:list","error":"Reached the max retries per request limit (which is 20). Refer to \"maxRetriesPerRequest\" option for details."}
{"timestamp":"2025-09-21T07:54:35.693Z","level":"error","message":"[Cache] Error getting key requests:list","key":"requests:list","error":"Reached the max retries per request limit (which is 20). Refer to \"maxRetriesPerRequest\" option for details."}
{"timestamp":"2025-09-21T07:54:35.693Z","level":"error","message":"[Cache] Error getting key cats:list","key":"cats:list","error":"Reached the max retries per request limit (which is 20). Refer to \"maxRetriesPerRequest\" option for details."}
{"timestamp":"2025-09-21T07:54:35.693Z","level":"error","message":"[Cache] Error getting key cats:list","key":"cats:list","error":"Reached the max retries per request limit (which is 20). Refer to \"maxRetriesPerRequest\" option for details."}
{"timestamp":"2025-09-21T07:54:35.693Z","level":"error","message":"[Cache] Error getting key cats:list","key":"cats:list","error":"Reached the max retries per request limit (which is 20). Refer to \"maxRetriesPerRequest\" option for details."}
{"timestamp":"2025-09-21T07:54:35.693Z","level":"error","message":"[Cache] Error getting key cats:list","key":"cats:list","error":"Reached the max retries per request limit (which is 20). Refer to \"maxRetriesPerRequest\" option for details."}
{"timestamp":"2025-09-21T07:54:35.698Z","level":"error","message":"Database query failed","query":"SELECT id, cat_name as \"catName\", request_date as \"requestDate\", status,\n                applicant_name as \"applicant.name\", applicant_email as \"applicant.email\",\n                applicant_phone as \"applicant.phone\", applicant_address as \"applicant.address\",\n                applicant_reason as \"applicant.reason\"\n         FROM adoption_requests ORDER BY id","duration":4,"error":"getaddrinfo ENOTFOUND host"}
{"timestamp":"2025-09-21T07:54:35.835Z","level":"error","message":"Database query failed","query":"SELECT id, cat_name as \"catName\", request_date as \"requestDate\", status,\n                applicant_name as \"applicant.name\", applicant_email as \"applicant.email\",\n                applicant_phone as \"applicant.phone\", applicant_address as \"applicant.address\",\n                applicant_reason as \"applicant.reason\"\n         FROM adoption_requests ORDER BY id","duration":141,"error":"getaddrinfo ENOTFOUND host"}
{"timestamp":"2025-09-21T07:54:35.976Z","level":"error","message":"Database query failed","query":"SELECT id, name, breed, age, gender, description, image, data_ai_hint as \"dataAiHint\" FROM cats ORDER BY id","duration":281,"error":"getaddrinfo ENOTFOUND host"}
{"timestamp":"2025-09-21T07:54:36.031Z","level":"error","message":"[API][GET /api/cats] error","error":"Failed to fetch cats","duration":13298}
{"timestamp":"2025-09-21T07:54:36.032Z","level":"error","message":"Database query failed","query":"SELECT id, name, breed, age, gender, description, image, data_ai_hint as \"dataAiHint\" FROM cats ORDER BY id","duration":337,"error":"getaddrinfo ENOTFOUND host"}
{"timestamp":"2025-09-21T07:54:36.086Z","level":"error","message":"[API][GET /api/cats] error","error":"Failed to fetch cats","duration":13355}
{"timestamp":"2025-09-21T07:54:36.087Z","level":"error","message":"Database query failed","query":"SELECT id, name, breed, age, gender, description, image, data_ai_hint as \"dataAiHint\" FROM cats ORDER BY id","duration":392,"error":"getaddrinfo ENOTFOUND host"}
{"timestamp":"2025-09-21T07:54:36.141Z","level":"error","message":"[API][GET /api/cats] error","error":"Failed to fetch cats","duration":12734}
{"timestamp":"2025-09-21T07:54:36.142Z","level":"error","message":"Database query failed","query":"SELECT id, name, breed, age, gender, description, image, data_ai_hint as \"dataAiHint\" FROM cats ORDER BY id","duration":447,"error":"getaddrinfo ENOTFOUND host"}
{"timestamp":"2025-09-21T07:54:36.192Z","level":"error","message":"[API][GET /api/cats] error","error":"Failed to fetch cats","duration":12781}
{"timestamp":"2025-09-21T07:55:17.783Z","level":"error","message":"[Cache] Error getting key cats:list","key":"cats:list","error":"Reached the max retries per request limit (which is 20). Refer to \"maxRetriesPerRequest\" option for details."}
{"timestamp":"2025-09-21T07:55:17.784Z","level":"error","message":"[Cache] Error getting key cats:list","key":"cats:list","error":"Reached the max retries per request limit (which is 20). Refer to \"maxRetriesPerRequest\" option for details."}
{"timestamp":"2025-09-21T07:55:17.787Z","level":"error","message":"Database query failed","query":"SELECT id, name, breed, age, gender, description, image, data_ai_hint as \"dataAiHint\" FROM cats ORDER BY id","duration":3,"error":"getaddrinfo ENOTFOUND host"}
{"timestamp":"2025-09-21T07:55:17.866Z","level":"error","message":"[API][GET /api/cats] error","error":"Failed to fetch cats","duration":41587}
{"timestamp":"2025-09-21T07:55:17.868Z","level":"error","message":"Database query failed","query":"SELECT id, name, breed, age, gender, description, image, data_ai_hint as \"dataAiHint\" FROM cats ORDER BY id","duration":84,"error":"getaddrinfo ENOTFOUND host"}
{"timestamp":"2025-09-21T07:55:17.949Z","level":"error","message":"[API][GET /api/cats] error","error":"Failed to fetch cats","duration":41669}
{"timestamp":"2025-09-21T07:59:30.088Z","level":"error","message":"[Cache] Error getting key cats:list","key":"cats:list","error":"Reached the max retries per request limit (which is 20). Refer to \"maxRetriesPerRequest\" option for details."}
{"timestamp":"2025-09-21T07:59:30.088Z","level":"error","message":"[Cache] Error getting key cats:list","key":"cats:list","error":"Reached the max retries per request limit (which is 20). Refer to \"maxRetriesPerRequest\" option for details."}
{"timestamp":"2025-09-21T07:59:30.089Z","level":"error","message":"[Cache] Error getting key cats:list","key":"cats:list","error":"Reached the max retries per request limit (which is 20). Refer to \"maxRetriesPerRequest\" option for details."}
{"timestamp":"2025-09-21T07:59:30.089Z","level":"error","message":"[Cache] Error getting key cats:list","key":"cats:list","error":"Reached the max retries per request limit (which is 20). Refer to \"maxRetriesPerRequest\" option for details."}
{"timestamp":"2025-09-21T07:59:30.089Z","level":"error","message":"[Cache] Error getting key requests:list","key":"requests:list","error":"Reached the max retries per request limit (which is 20). Refer to \"maxRetriesPerRequest\" option for details."}
{"timestamp":"2025-09-21T07:59:30.089Z","level":"error","message":"[Cache] Error getting key requests:list","key":"requests:list","error":"Reached the max retries per request limit (which is 20). Refer to \"maxRetriesPerRequest\" option for details."}
{"timestamp":"2025-09-21T07:59:30.096Z","level":"error","message":"Database query failed","query":"SELECT id, name, breed, age, gender, description, image, data_ai_hint as \"dataAiHint\" FROM cats ORDER BY id","duration":6,"error":"connect ECONNREFUSED 127.0.0.1:5432"}
{"timestamp":"2025-09-21T07:59:30.249Z","level":"error","message":"[API][GET /api/cats] error","error":"Failed to fetch cats","duration":10725}
{"timestamp":"2025-09-21T07:59:30.251Z","level":"error","message":"Database query failed","query":"SELECT id, name, breed, age, gender, description, image, data_ai_hint as \"dataAiHint\" FROM cats ORDER BY id","duration":158,"error":"connect ECONNREFUSED 127.0.0.1:5432"}
{"timestamp":"2025-09-21T07:59:30.354Z","level":"error","message":"[API][GET /api/cats] error","error":"Failed to fetch cats","duration":10823}
{"timestamp":"2025-09-21T07:59:30.356Z","level":"error","message":"Database query failed","query":"SELECT id, name, breed, age, gender, description, image, data_ai_hint as \"dataAiHint\" FROM cats ORDER BY id","duration":263,"error":"connect ECONNREFUSED 127.0.0.1:5432"}
{"timestamp":"2025-09-21T07:59:30.426Z","level":"error","message":"[API][GET /api/cats] error","error":"Failed to fetch cats","duration":8853}
{"timestamp":"2025-09-21T07:59:30.428Z","level":"error","message":"Database query failed","query":"SELECT id, name, breed, age, gender, description, image, data_ai_hint as \"dataAiHint\" FROM cats ORDER BY id","duration":334,"error":"connect ECONNREFUSED 127.0.0.1:5432"}
{"timestamp":"2025-09-21T07:59:30.492Z","level":"error","message":"[API][GET /api/cats] error","error":"Failed to fetch cats","duration":8917}
{"timestamp":"2025-09-21T07:59:30.494Z","level":"error","message":"Database query failed","query":"SELECT id, cat_name as \"catName\", request_date as \"requestDate\", status,\n                applicant_name as \"applicant.name\", applicant_email as \"applicant.email\",\n                applicant_phone as \"applicant.phone\", applicant_address as \"applicant.address\",\n                applicant_reason as \"applicant.reason\"\n         FROM adoption_requests ORDER BY id","duration":400,"error":"connect ECONNREFUSED 127.0.0.1:5432"}
{"timestamp":"2025-09-21T07:59:30.641Z","level":"error","message":"Database query failed","query":"SELECT id, cat_name as \"catName\", request_date as \"requestDate\", status,\n                applicant_name as \"applicant.name\", applicant_email as \"applicant.email\",\n                applicant_phone as \"applicant.phone\", applicant_address as \"applicant.address\",\n                applicant_reason as \"applicant.reason\"\n         FROM adoption_requests ORDER BY id","duration":547,"error":"connect ECONNREFUSED 127.0.0.1:5432"}
{"timestamp":"2025-09-21T08:00:02.647Z","level":"error","message":"[Cache] Error getting key cats:list","key":"cats:list","error":"Reached the max retries per request limit (which is 20). Refer to \"maxRetriesPerRequest\" option for details."}
{"timestamp":"2025-09-21T08:00:02.647Z","level":"error","message":"[Cache] Error getting key cats:list","key":"cats:list","error":"Reached the max retries per request limit (which is 20). Refer to \"maxRetriesPerRequest\" option for details."}
{"timestamp":"2025-09-21T08:00:02.647Z","level":"error","message":"[Cache] Error getting key cats:list","key":"cats:list","error":"Reached the max retries per request limit (which is 20). Refer to \"maxRetriesPerRequest\" option for details."}
{"timestamp":"2025-09-21T08:00:02.647Z","level":"error","message":"[Cache] Error getting key cats:list","key":"cats:list","error":"Reached the max retries per request limit (which is 20). Refer to \"maxRetriesPerRequest\" option for details."}
{"timestamp":"2025-09-21T08:00:02.648Z","level":"error","message":"[Cache] Error getting key cats:list","key":"cats:list","error":"Reached the max retries per request limit (which is 20). Refer to \"maxRetriesPerRequest\" option for details."}
{"timestamp":"2025-09-21T08:00:02.648Z","level":"error","message":"[Cache] Error getting key cats:list","key":"cats:list","error":"Reached the max retries per request limit (which is 20). Refer to \"maxRetriesPerRequest\" option for details."}
{"timestamp":"2025-09-21T08:00:02.652Z","level":"error","message":"Database query failed","query":"SELECT id, name, breed, age, gender, description, image, data_ai_hint as \"dataAiHint\" FROM cats ORDER BY id","duration":4,"error":"connect ECONNREFUSED 127.0.0.1:5432"}
{"timestamp":"2025-09-21T08:00:02.770Z","level":"error","message":"[API][GET /api/cats] error","error":"Failed to fetch cats","duration":30573}
{"timestamp":"2025-09-21T08:00:02.772Z","level":"error","message":"Database query failed","query":"SELECT id, name, breed, age, gender, description, image, data_ai_hint as \"dataAiHint\" FROM cats ORDER BY id","duration":123,"error":"connect ECONNREFUSED 127.0.0.1:5432"}
{"timestamp":"2025-09-21T08:00:02.840Z","level":"error","message":"[API][GET /api/cats] error","error":"Failed to fetch cats","duration":30639}
{"timestamp":"2025-09-21T08:00:02.842Z","level":"error","message":"Database query failed","query":"SELECT id, name, breed, age, gender, description, image, data_ai_hint as \"dataAiHint\" FROM cats ORDER BY id","duration":193,"error":"connect ECONNREFUSED 127.0.0.1:5432"}
{"timestamp":"2025-09-21T08:00:02.934Z","level":"error","message":"[API][GET /api/cats] error","error":"Failed to fetch cats","duration":30733}
{"timestamp":"2025-09-21T08:00:02.936Z","level":"error","message":"Database query failed","query":"SELECT id, name, breed, age, gender, description, image, data_ai_hint as \"dataAiHint\" FROM cats ORDER BY id","duration":286,"error":"connect ECONNREFUSED 127.0.0.1:5432"}
{"timestamp":"2025-09-21T08:00:03.024Z","level":"error","message":"[API][GET /api/cats] error","error":"Failed to fetch cats","duration":30821}
{"timestamp":"2025-09-21T08:00:03.027Z","level":"error","message":"Database query failed","query":"SELECT id, name, breed, age, gender, description, image, data_ai_hint as \"dataAiHint\" FROM cats ORDER BY id","duration":376,"error":"connect ECONNREFUSED 127.0.0.1:5432"}
{"timestamp":"2025-09-21T08:00:03.114Z","level":"error","message":"[API][GET /api/cats] error","error":"Failed to fetch cats","duration":30909}
{"timestamp":"2025-09-21T08:00:03.117Z","level":"error","message":"Database query failed","query":"SELECT id, name, breed, age, gender, description, image, data_ai_hint as \"dataAiHint\" FROM cats ORDER BY id","duration":467,"error":"connect ECONNREFUSED 127.0.0.1:5432"}
{"timestamp":"2025-09-21T08:00:03.225Z","level":"error","message":"[API][GET /api/cats] error","error":"Failed to fetch cats","duration":31018}
{"timestamp":"2025-09-21T08:14:09.173Z","level":"error","message":"Database query failed","query":"SELECT id, username, email, password, name, avatar FROM users WHERE username = $1","duration":3,"error":"connect ECONNREFUSED 127.0.0.1:5432"}
{"timestamp":"2025-09-21T08:14:09.288Z","level":"error","message":"Error authenticating user","error":"Failed to fetch user","username":"Hill"}
{"timestamp":"2025-09-21T08:14:09.288Z","level":"warn","message":"Authentication succeeded using fallback admin credentials (database error)","username":"Hill"}
{"timestamp":"2025-09-21T08:14:09.304Z","level":"error","message":"Database query failed","query":"SELECT id, username, email, password, name, avatar FROM users WHERE username = $1","duration":16,"error":"connect ECONNREFUSED 127.0.0.1:5432"}
{"timestamp":"2025-09-21T08:14:09.396Z","level":"error","message":"Error authenticating user","error":"Failed to fetch user","username":"Hill"}
{"timestamp":"2025-09-21T08:14:09.396Z","level":"warn","message":"Authentication succeeded using fallback admin credentials (database error)","username":"Hill"}
{"timestamp":"2025-09-21T08:14:09.398Z","level":"debug","message":"Session created successfully","userId":"fallback-admin","username":"Hill"}
{"timestamp":"2025-09-21T08:14:09.399Z","level":"info","message":"Login successful","method":"POST","url":"/api/login","statusCode":200,"duration":230,"userId":"fallback-admin","username":"Hill"}
{"timestamp":"2025-09-21T08:14:10.253Z","level":"debug","message":"Authentication successful","userId":"fallback-admin","username":"Hill"}
{"timestamp":"2025-09-21T08:14:10.260Z","level":"debug","message":"Authentication successful","userId":"fallback-admin","username":"Hill"}
{"timestamp":"2025-09-21T08:14:20.826Z","level":"error","message":"[Cache] Error getting key requests:list","key":"requests:list","error":"Reached the max retries per request limit (which is 20). Refer to \"maxRetriesPerRequest\" option for details."}
{"timestamp":"2025-09-21T08:14:20.827Z","level":"error","message":"[Cache] Error getting key requests:list","key":"requests:list","error":"Reached the max retries per request limit (which is 20). Refer to \"maxRetriesPerRequest\" option for details."}
{"timestamp":"2025-09-21T08:14:20.827Z","level":"error","message":"[Cache] Error getting key cats:list","key":"cats:list","error":"Reached the max retries per request limit (which is 20). Refer to \"maxRetriesPerRequest\" option for details."}
{"timestamp":"2025-09-21T08:14:20.827Z","level":"error","message":"[Cache] Error getting key cats:list","key":"cats:list","error":"Reached the max retries per request limit (which is 20). Refer to \"maxRetriesPerRequest\" option for details."}
{"timestamp":"2025-09-21T08:14:20.827Z","level":"error","message":"[Cache] Error getting key cats:list","key":"cats:list","error":"Reached the max retries per request limit (which is 20). Refer to \"maxRetriesPerRequest\" option for details."}
{"timestamp":"2025-09-21T08:14:20.827Z","level":"error","message":"[Cache] Error getting key cats:list","key":"cats:list","error":"Reached the max retries per request limit (which is 20). Refer to \"maxRetriesPerRequest\" option for details."}
{"timestamp":"2025-09-21T08:14:20.831Z","level":"error","message":"Database query failed","query":"SELECT id, cat_name as \"catName\", request_date as \"requestDate\", status,\n                applicant_name as \"applicant.name\", applicant_email as \"applicant.email\",\n                applicant_phone as \"applicant.phone\", applicant_address as \"applicant.address\",\n                applicant_reason as \"applicant.reason\"\n         FROM adoption_requests ORDER BY id","duration":3,"error":"connect ECONNREFUSED 127.0.0.1:5432"}
{"timestamp":"2025-09-21T08:14:21.029Z","level":"error","message":"Database query failed","query":"SELECT id, cat_name as \"catName\", request_date as \"requestDate\", status,\n                applicant_name as \"applicant.name\", applicant_email as \"applicant.email\",\n                applicant_phone as \"applicant.phone\", applicant_address as \"applicant.address\",\n                applicant_reason as \"applicant.reason\"\n         FROM adoption_requests ORDER BY id","duration":201,"error":"connect ECONNREFUSED 127.0.0.1:5432"}
{"timestamp":"2025-09-21T08:14:21.172Z","level":"error","message":"Database query failed","query":"SELECT id, name, breed, age, gender, description, image, data_ai_hint as \"dataAiHint\" FROM cats ORDER BY id","duration":343,"error":"connect ECONNREFUSED 127.0.0.1:5432"}
{"timestamp":"2025-09-21T08:14:21.244Z","level":"error","message":"[API][GET /api/cats] error","error":"Failed to fetch cats","duration":10909}
{"timestamp":"2025-09-21T08:14:21.246Z","level":"error","message":"Database query failed","query":"SELECT id, name, breed, age, gender, description, image, data_ai_hint as \"dataAiHint\" FROM cats ORDER BY id","duration":417,"error":"connect ECONNREFUSED 127.0.0.1:5432"}
{"timestamp":"2025-09-21T08:14:21.311Z","level":"error","message":"[API][GET /api/cats] error","error":"Failed to fetch cats","duration":10972}
{"timestamp":"2025-09-21T08:14:21.312Z","level":"error","message":"Database query failed","query":"SELECT id, name, breed, age, gender, description, image, data_ai_hint as \"dataAiHint\" FROM cats ORDER BY id","duration":483,"error":"connect ECONNREFUSED 127.0.0.1:5432"}
{"timestamp":"2025-09-21T08:14:21.369Z","level":"error","message":"[API][GET /api/cats] error","error":"Failed to fetch cats","duration":8766}
{"timestamp":"2025-09-21T08:14:21.371Z","level":"error","message":"Database query failed","query":"SELECT id, name, breed, age, gender, description, image, data_ai_hint as \"dataAiHint\" FROM cats ORDER BY id","duration":541,"error":"connect ECONNREFUSED 127.0.0.1:5432"}
{"timestamp":"2025-09-21T08:14:21.424Z","level":"error","message":"[API][GET /api/cats] error","error":"Failed to fetch cats","duration":8813}
{"timestamp":"2025-09-21T08:14:53.380Z","level":"error","message":"[Cache] Error getting key cats:list","key":"cats:list","error":"Reached the max retries per request limit (which is 20). Refer to \"maxRetriesPerRequest\" option for details."}
{"timestamp":"2025-09-21T08:14:53.380Z","level":"error","message":"[Cache] Error getting key cats:list","key":"cats:list","error":"Reached the max retries per request limit (which is 20). Refer to \"maxRetriesPerRequest\" option for details."}
{"timestamp":"2025-09-21T08:14:53.380Z","level":"error","message":"[Cache] Error getting key cats:list","key":"cats:list","error":"Reached the max retries per request limit (which is 20). Refer to \"maxRetriesPerRequest\" option for details."}
{"timestamp":"2025-09-21T08:14:53.380Z","level":"error","message":"[Cache] Error getting key cats:list","key":"cats:list","error":"Reached the max retries per request limit (which is 20). Refer to \"maxRetriesPerRequest\" option for details."}
{"timestamp":"2025-09-21T08:14:53.381Z","level":"error","message":"[Cache] Error getting key cats:list","key":"cats:list","error":"Reached the max retries per request limit (which is 20). Refer to \"maxRetriesPerRequest\" option for details."}
{"timestamp":"2025-09-21T08:14:53.381Z","level":"error","message":"[Cache] Error getting key cats:list","key":"cats:list","error":"Reached the max retries per request limit (which is 20). Refer to \"maxRetriesPerRequest\" option for details."}
{"timestamp":"2025-09-21T08:14:53.384Z","level":"error","message":"Database query failed","query":"SELECT id, name, breed, age, gender, description, image, data_ai_hint as \"dataAiHint\" FROM cats ORDER BY id","duration":3,"error":"connect ECONNREFUSED 127.0.0.1:5432"}
{"timestamp":"2025-09-21T08:14:53.481Z","level":"error","message":"[API][GET /api/cats] error","error":"Failed to fetch cats","duration":32005}
{"timestamp":"2025-09-21T08:14:53.482Z","level":"error","message":"Database query failed","query":"SELECT id, name, breed, age, gender, description, image, data_ai_hint as \"dataAiHint\" FROM cats ORDER BY id","duration":100,"error":"connect ECONNREFUSED 127.0.0.1:5432"}
{"timestamp":"2025-09-21T08:14:53.548Z","level":"error","message":"[API][GET /api/cats] error","error":"Failed to fetch cats","duration":32069}
{"timestamp":"2025-09-21T08:14:53.549Z","level":"error","message":"Database query failed","query":"SELECT id, name, breed, age, gender, description, image, data_ai_hint as \"dataAiHint\" FROM cats ORDER BY id","duration":167,"error":"connect ECONNREFUSED 127.0.0.1:5432"}
{"timestamp":"2025-09-21T08:14:53.637Z","level":"error","message":"[API][GET /api/cats] error","error":"Failed to fetch cats","duration":32156}
{"timestamp":"2025-09-21T08:14:53.638Z","level":"error","message":"Database query failed","query":"SELECT id, name, breed, age, gender, description, image, data_ai_hint as \"dataAiHint\" FROM cats ORDER BY id","duration":256,"error":"connect ECONNREFUSED 127.0.0.1:5432"}
{"timestamp":"2025-09-21T08:14:53.706Z","level":"error","message":"[API][GET /api/cats] error","error":"Failed to fetch cats","duration":32224}
{"timestamp":"2025-09-21T08:14:53.707Z","level":"error","message":"Database query failed","query":"SELECT id, name, breed, age, gender, description, image, data_ai_hint as \"dataAiHint\" FROM cats ORDER BY id","duration":325,"error":"connect ECONNREFUSED 127.0.0.1:5432"}
{"timestamp":"2025-09-21T08:14:53.771Z","level":"error","message":"[API][GET /api/cats] error","error":"Failed to fetch cats","duration":32287}
{"timestamp":"2025-09-21T08:14:53.772Z","level":"error","message":"Database query failed","query":"SELECT id, name, breed, age, gender, description, image, data_ai_hint as \"dataAiHint\" FROM cats ORDER BY id","duration":390,"error":"connect ECONNREFUSED 127.0.0.1:5432"}
{"timestamp":"2025-09-21T08:14:53.847Z","level":"error","message":"[API][GET /api/cats] error","error":"Failed to fetch cats","duration":32362}
{"timestamp":"2025-09-21T14:08:28.439Z","level":"debug","message":"Authentication successful","userId":"fallback-admin","username":"Hill"}
{"timestamp":"2025-09-21T14:08:28.450Z","level":"debug","message":"Authentication successful","userId":"fallback-admin","username":"Hill"}
{"timestamp":"2025-09-21T14:08:39.014Z","level":"error","message":"[Cache] Error getting key requests:list","key":"requests:list","error":"Reached the max retries per request limit (which is 20). Refer to \"maxRetriesPerRequest\" option for details."}
{"timestamp":"2025-09-21T14:08:39.014Z","level":"error","message":"[Cache] Error getting key requests:list","key":"requests:list","error":"Reached the max retries per request limit (which is 20). Refer to \"maxRetriesPerRequest\" option for details."}
{"timestamp":"2025-09-21T14:08:39.014Z","level":"error","message":"[Cache] Error getting key cats:list","key":"cats:list","error":"Reached the max retries per request limit (which is 20). Refer to \"maxRetriesPerRequest\" option for details."}
{"timestamp":"2025-09-21T14:08:39.014Z","level":"error","message":"[Cache] Error getting key cats:list","key":"cats:list","error":"Reached the max retries per request limit (which is 20). Refer to \"maxRetriesPerRequest\" option for details."}
{"timestamp":"2025-09-21T14:08:39.014Z","level":"error","message":"[Cache] Error getting key cats:list","key":"cats:list","error":"Reached the max retries per request limit (which is 20). Refer to \"maxRetriesPerRequest\" option for details."}
{"timestamp":"2025-09-21T14:08:39.015Z","level":"error","message":"[Cache] Error getting key cats:list","key":"cats:list","error":"Reached the max retries per request limit (which is 20). Refer to \"maxRetriesPerRequest\" option for details."}
{"timestamp":"2025-09-21T14:08:39.031Z","level":"debug","message":"DB Query: SELECT id, cat_name as \"catName\", request_date as \"requestDate\", status,\n                applicant_name as \"applicant.name\", applicant_email as \"applicant.email\",\n                applicant_phone as \"applicant.phone\", applicant_address as \"applicant.address\",\n                applicant_reason as \"applicant.reason\"\n         FROM adoption_requests ORDER BY id","duration":16,"rowCount":0}
{"timestamp":"2025-09-21T14:08:39.032Z","level":"debug","message":"DB Query: SELECT id, cat_name as \"catName\", request_date as \"requestDate\", status,\n                applicant_name as \"applicant.name\", applicant_email as \"applicant.email\",\n                applicant_phone as \"applicant.phone\", applicant_address as \"applicant.address\",\n                applicant_reason as \"applicant.reason\"\n         FROM adoption_requests ORDER BY id","duration":14,"rowCount":0}
{"timestamp":"2025-09-21T14:08:39.033Z","level":"debug","message":"DB Query: SELECT id, name, breed, age, gender, description, image, data_ai_hint as \"dataAiHint\" FROM cats ORDER BY id","duration":14,"rowCount":0}
{"timestamp":"2025-09-21T14:08:39.033Z","level":"info","message":"HTTP GET /api/cats 200 8558ms","method":"GET","url":"/api/cats","statusCode":200,"duration":8558,"cached":false,"count":0}
{"timestamp":"2025-09-21T14:08:39.034Z","level":"debug","message":"DB Query: SELECT id, name, breed, age, gender, description, image, data_ai_hint as \"dataAiHint\" FROM cats ORDER BY id","duration":15,"rowCount":0}
{"timestamp":"2025-09-21T14:08:39.034Z","level":"info","message":"HTTP GET /api/cats 200 10526ms","method":"GET","url":"/api/cats","statusCode":200,"duration":10526,"cached":false,"count":0}
{"timestamp":"2025-09-21T14:08:39.034Z","level":"debug","message":"DB Query: SELECT id, name, breed, age, gender, description, image, data_ai_hint as \"dataAiHint\" FROM cats ORDER BY id","duration":15,"rowCount":0}
{"timestamp":"2025-09-21T14:08:39.034Z","level":"info","message":"HTTP GET /api/cats 200 10528ms","method":"GET","url":"/api/cats","statusCode":200,"duration":10528,"cached":false,"count":0}
{"timestamp":"2025-09-21T14:08:39.035Z","level":"debug","message":"DB Query: SELECT id, name, breed, age, gender, description, image, data_ai_hint as \"dataAiHint\" FROM cats ORDER BY id","duration":16,"rowCount":0}
{"timestamp":"2025-09-21T14:08:39.035Z","level":"info","message":"HTTP GET /api/cats 200 8568ms","method":"GET","url":"/api/cats","statusCode":200,"duration":8568,"cached":false,"count":0}
{"timestamp":"2025-09-21T14:09:11.575Z","level":"error","message":"[Cache] Error setting key requests:list","key":"requests:list","error":"Reached the max retries per request limit (which is 20). Refer to \"maxRetriesPerRequest\" option for details."}
{"timestamp":"2025-09-21T14:09:11.575Z","level":"error","message":"[Cache] Error setting key requests:list","key":"requests:list","error":"Reached the max retries per request limit (which is 20). Refer to \"maxRetriesPerRequest\" option for details."}
{"timestamp":"2025-09-21T14:09:11.575Z","level":"error","message":"[Cache] Error setting key cats:list","key":"cats:list","error":"Reached the max retries per request limit (which is 20). Refer to \"maxRetriesPerRequest\" option for details."}
{"timestamp":"2025-09-21T14:09:11.575Z","level":"error","message":"[Cache] Error setting key cats:list","key":"cats:list","error":"Reached the max retries per request limit (which is 20). Refer to \"maxRetriesPerRequest\" option for details."}
{"timestamp":"2025-09-21T14:09:11.575Z","level":"error","message":"[Cache] Error setting key cats:list","key":"cats:list","error":"Reached the max retries per request limit (which is 20). Refer to \"maxRetriesPerRequest\" option for details."}
{"timestamp":"2025-09-21T14:09:11.575Z","level":"error","message":"[Cache] Error setting key cats:list","key":"cats:list","error":"Reached the max retries per request limit (which is 20). Refer to \"maxRetriesPerRequest\" option for details."}
{"timestamp":"2025-09-21T14:09:53.637Z","level":"error","message":"[Cache] Error getting key cats:list","key":"cats:list","error":"Reached the max retries per request limit (which is 20). Refer to \"maxRetriesPerRequest\" option for details."}
{"timestamp":"2025-09-21T14:09:53.637Z","level":"error","message":"[Cache] Error getting key cats:list","key":"cats:list","error":"Reached the max retries per request limit (which is 20). Refer to \"maxRetriesPerRequest\" option for details."}
{"timestamp":"2025-09-21T14:09:53.638Z","level":"error","message":"[Cache] Error getting key cats:list","key":"cats:list","error":"Reached the max retries per request limit (which is 20). Refer to \"maxRetriesPerRequest\" option for details."}
{"timestamp":"2025-09-21T14:09:53.638Z","level":"error","message":"[Cache] Error getting key cats:list","key":"cats:list","error":"Reached the max retries per request limit (which is 20). Refer to \"maxRetriesPerRequest\" option for details."}
{"timestamp":"2025-09-21T14:09:53.638Z","level":"error","message":"[Cache] Error getting key cats:list","key":"cats:list","error":"Reached the max retries per request limit (which is 20). Refer to \"maxRetriesPerRequest\" option for details."}
{"timestamp":"2025-09-21T14:09:53.638Z","level":"error","message":"[Cache] Error getting key cats:list","key":"cats:list","error":"Reached the max retries per request limit (which is 20). Refer to \"maxRetriesPerRequest\" option for details."}
{"timestamp":"2025-09-21T14:09:53.647Z","level":"debug","message":"DB Query: SELECT id, name, breed, age, gender, description, image, data_ai_hint as \"dataAiHint\" FROM cats ORDER BY id","duration":8,"rowCount":0}
{"timestamp":"2025-09-21T14:09:53.648Z","level":"info","message":"HTTP GET /api/cats 200 41955ms","method":"GET","url":"/api/cats","statusCode":200,"duration":41955,"cached":false,"count":0}
{"timestamp":"2025-09-21T14:09:53.648Z","level":"debug","message":"DB Query: SELECT id, name, breed, age, gender, description, image, data_ai_hint as \"dataAiHint\" FROM cats ORDER BY id","duration":10,"rowCount":0}
{"timestamp":"2025-09-21T14:09:53.648Z","level":"info","message":"HTTP GET /api/cats 200 41959ms","method":"GET","url":"/api/cats","statusCode":200,"duration":41959,"cached":false,"count":0}
{"timestamp":"2025-09-21T14:09:53.650Z","level":"debug","message":"DB Query: SELECT id, name, breed, age, gender, description, image, data_ai_hint as \"dataAiHint\" FROM cats ORDER BY id","duration":11,"rowCount":0}
{"timestamp":"2025-09-21T14:09:53.650Z","level":"info","message":"HTTP GET /api/cats 200 41954ms","method":"GET","url":"/api/cats","statusCode":200,"duration":41954,"cached":false,"count":0}
{"timestamp":"2025-09-21T14:09:53.651Z","level":"debug","message":"DB Query: SELECT id, name, breed, age, gender, description, image, data_ai_hint as \"dataAiHint\" FROM cats ORDER BY id","duration":11,"rowCount":0}
{"timestamp":"2025-09-21T14:09:53.651Z","level":"info","message":"HTTP GET /api/cats 200 41951ms","method":"GET","url":"/api/cats","statusCode":200,"duration":41951,"cached":false,"count":0}
{"timestamp":"2025-09-21T14:09:53.652Z","level":"debug","message":"DB Query: SELECT id, name, breed, age, gender, description, image, data_ai_hint as \"dataAiHint\" FROM cats ORDER BY id","duration":13,"rowCount":0}
{"timestamp":"2025-09-21T14:09:53.652Z","level":"info","message":"HTTP GET /api/cats 200 41955ms","method":"GET","url":"/api/cats","statusCode":200,"duration":41955,"cached":false,"count":0}
{"timestamp":"2025-09-21T14:09:53.652Z","level":"debug","message":"DB Query: SELECT id, name, breed, age, gender, description, image, data_ai_hint as \"dataAiHint\" FROM cats ORDER BY id","duration":12,"rowCount":0}
{"timestamp":"2025-09-21T14:09:53.653Z","level":"info","message":"HTTP GET /api/cats 200 41955ms","method":"GET","url":"/api/cats","statusCode":200,"duration":41955,"cached":false,"count":0}
{"timestamp":"2025-09-21T14:10:35.700Z","level":"error","message":"[Cache] Error setting key cats:list","key":"cats:list","error":"Reached the max retries per request limit (which is 20). Refer to \"maxRetriesPerRequest\" option for details."}
{"timestamp":"2025-09-21T14:10:35.700Z","level":"error","message":"[Cache] Error setting key cats:list","key":"cats:list","error":"Reached the max retries per request limit (which is 20). Refer to \"maxRetriesPerRequest\" option for details."}
{"timestamp":"2025-09-21T14:10:35.700Z","level":"error","message":"[Cache] Error setting key cats:list","key":"cats:list","error":"Reached the max retries per request limit (which is 20). Refer to \"maxRetriesPerRequest\" option for details."}
{"timestamp":"2025-09-21T14:10:35.701Z","level":"error","message":"[Cache] Error setting key cats:list","key":"cats:list","error":"Reached the max retries per request limit (which is 20). Refer to \"maxRetriesPerRequest\" option for details."}
{"timestamp":"2025-09-21T14:10:35.701Z","level":"error","message":"[Cache] Error setting key cats:list","key":"cats:list","error":"Reached the max retries per request limit (which is 20). Refer to \"maxRetriesPerRequest\" option for details."}
{"timestamp":"2025-09-21T14:10:35.701Z","level":"error","message":"[Cache] Error setting key cats:list","key":"cats:list","error":"Reached the max retries per request limit (which is 20). Refer to \"maxRetriesPerRequest\" option for details."}
{"timestamp":"2025-09-21T14:16:12.190Z","level":"error","message":"[Cache] Error getting key cats:list","key":"cats:list","error":"Reached the max retries per request limit (which is 20). Refer to \"maxRetriesPerRequest\" option for details."}
{"timestamp":"2025-09-21T14:16:12.190Z","level":"error","message":"[Cache] Error getting key cats:list","key":"cats:list","error":"Reached the max retries per request limit (which is 20). Refer to \"maxRetriesPerRequest\" option for details."}
{"timestamp":"2025-09-21T14:16:12.190Z","level":"error","message":"[Cache] Error getting key cats:list","key":"cats:list","error":"Reached the max retries per request limit (which is 20). Refer to \"maxRetriesPerRequest\" option for details."}
{"timestamp":"2025-09-21T14:16:12.190Z","level":"error","message":"[Cache] Error getting key cats:list","key":"cats:list","error":"Reached the max retries per request limit (which is 20). Refer to \"maxRetriesPerRequest\" option for details."}
{"timestamp":"2025-09-21T14:16:12.190Z","level":"error","message":"[Cache] Error getting key cats:list","key":"cats:list","error":"Reached the max retries per request limit (which is 20). Refer to \"maxRetriesPerRequest\" option for details."}
{"timestamp":"2025-09-21T14:16:12.190Z","level":"error","message":"[Cache] Error getting key cats:list","key":"cats:list","error":"Reached the max retries per request limit (which is 20). Refer to \"maxRetriesPerRequest\" option for details."}
{"timestamp":"2025-09-21T14:16:12.198Z","level":"debug","message":"DB Query: SELECT id, name, breed, age, gender, description, image, data_ai_hint as \"dataAiHint\" FROM cats ORDER BY id","duration":7,"rowCount":0}
{"timestamp":"2025-09-21T14:16:12.198Z","level":"info","message":"HTTP GET /api/cats 200 35709ms","method":"GET","url":"/api/cats","statusCode":200,"duration":35709,"cached":false,"count":0}
{"timestamp":"2025-09-21T14:16:12.198Z","level":"debug","message":"DB Query: SELECT id, name, breed, age, gender, description, image, data_ai_hint as \"dataAiHint\" FROM cats ORDER BY id","duration":7,"rowCount":0}
{"timestamp":"2025-09-21T14:16:12.199Z","level":"info","message":"HTTP GET /api/cats 200 35709ms","method":"GET","url":"/api/cats","statusCode":200,"duration":35709,"cached":false,"count":0}
{"timestamp":"2025-09-21T14:16:12.199Z","level":"debug","message":"DB Query: SELECT id, name, breed, age, gender, description, image, data_ai_hint as \"dataAiHint\" FROM cats ORDER BY id","duration":9,"rowCount":0}
{"timestamp":"2025-09-21T14:16:12.199Z","level":"info","message":"HTTP GET /api/cats 200 35713ms","method":"GET","url":"/api/cats","statusCode":200,"duration":35713,"cached":false,"count":0}
{"timestamp":"2025-09-21T14:16:12.200Z","level":"debug","message":"DB Query: SELECT id, name, breed, age, gender, description, image, data_ai_hint as \"dataAiHint\" FROM cats ORDER BY id","duration":9,"rowCount":0}
{"timestamp":"2025-09-21T14:16:12.201Z","level":"info","message":"HTTP GET /api/cats 200 35697ms","method":"GET","url":"/api/cats","statusCode":200,"duration":35697,"cached":false,"count":0}
{"timestamp":"2025-09-21T14:16:12.201Z","level":"debug","message":"DB Query: SELECT id, name, breed, age, gender, description, image, data_ai_hint as \"dataAiHint\" FROM cats ORDER BY id","duration":10,"rowCount":0}
{"timestamp":"2025-09-21T14:16:12.201Z","level":"info","message":"HTTP GET /api/cats 200 35707ms","method":"GET","url":"/api/cats","statusCode":200,"duration":35707,"cached":false,"count":0}
{"timestamp":"2025-09-21T14:16:12.202Z","level":"debug","message":"DB Query: SELECT id, name, breed, age, gender, description, image, data_ai_hint as \"dataAiHint\" FROM cats ORDER BY id","duration":11,"rowCount":0}
{"timestamp":"2025-09-21T14:16:12.202Z","level":"info","message":"HTTP GET /api/cats 200 35697ms","method":"GET","url":"/api/cats","statusCode":200,"duration":35697,"cached":false,"count":0}
{"timestamp":"2025-09-21T14:16:54.246Z","level":"error","message":"[Cache] Error setting key cats:list","key":"cats:list","error":"Reached the max retries per request limit (which is 20). Refer to \"maxRetriesPerRequest\" option for details."}
{"timestamp":"2025-09-21T14:16:54.246Z","level":"error","message":"[Cache] Error setting key cats:list","key":"cats:list","error":"Reached the max retries per request limit (which is 20). Refer to \"maxRetriesPerRequest\" option for details."}
{"timestamp":"2025-09-21T14:16:54.246Z","level":"error","message":"[Cache] Error setting key cats:list","key":"cats:list","error":"Reached the max retries per request limit (which is 20). Refer to \"maxRetriesPerRequest\" option for details."}
{"timestamp":"2025-09-21T14:16:54.246Z","level":"error","message":"[Cache] Error setting key cats:list","key":"cats:list","error":"Reached the max retries per request limit (which is 20). Refer to \"maxRetriesPerRequest\" option for details."}
{"timestamp":"2025-09-21T14:16:54.246Z","level":"error","message":"[Cache] Error setting key cats:list","key":"cats:list","error":"Reached the max retries per request limit (which is 20). Refer to \"maxRetriesPerRequest\" option for details."}
{"timestamp":"2025-09-21T14:16:54.246Z","level":"error","message":"[Cache] Error setting key cats:list","key":"cats:list","error":"Reached the max retries per request limit (which is 20). Refer to \"maxRetriesPerRequest\" option for details."}
{"timestamp":"2025-09-21T14:17:36.301Z","level":"error","message":"[Cache] Error getting key cats:list","key":"cats:list","error":"Reached the max retries per request limit (which is 20). Refer to \"maxRetriesPerRequest\" option for details."}
{"timestamp":"2025-09-21T14:17:36.301Z","level":"error","message":"[Cache] Error getting key cats:list","key":"cats:list","error":"Reached the max retries per request limit (which is 20). Refer to \"maxRetriesPerRequest\" option for details."}
{"timestamp":"2025-09-21T14:17:36.301Z","level":"error","message":"[Cache] Error getting key cats:list","key":"cats:list","error":"Reached the max retries per request limit (which is 20). Refer to \"maxRetriesPerRequest\" option for details."}
{"timestamp":"2025-09-21T14:17:36.301Z","level":"error","message":"[Cache] Error getting key cats:list","key":"cats:list","error":"Reached the max retries per request limit (which is 20). Refer to \"maxRetriesPerRequest\" option for details."}
{"timestamp":"2025-09-21T14:17:36.301Z","level":"error","message":"[Cache] Error getting key cats:list","key":"cats:list","error":"Reached the max retries per request limit (which is 20). Refer to \"maxRetriesPerRequest\" option for details."}
{"timestamp":"2025-09-21T14:17:36.301Z","level":"error","message":"[Cache] Error getting key cats:list","key":"cats:list","error":"Reached the max retries per request limit (which is 20). Refer to \"maxRetriesPerRequest\" option for details."}
{"timestamp":"2025-09-21T14:17:36.310Z","level":"debug","message":"DB Query: SELECT id, name, breed, age, gender, description, image, data_ai_hint as \"dataAiHint\" FROM cats ORDER BY id","duration":8,"rowCount":0}
{"timestamp":"2025-09-21T14:17:36.311Z","level":"info","message":"HTTP GET /api/cats 200 41982ms","method":"GET","url":"/api/cats","statusCode":200,"duration":41982,"cached":false,"count":0}
{"timestamp":"2025-09-21T14:17:36.311Z","level":"debug","message":"DB Query: SELECT id, name, breed, age, gender, description, image, data_ai_hint as \"dataAiHint\" FROM cats ORDER BY id","duration":9,"rowCount":0}
{"timestamp":"2025-09-21T14:17:36.311Z","level":"info","message":"HTTP GET /api/cats 200 41985ms","method":"GET","url":"/api/cats","statusCode":200,"duration":41985,"cached":false,"count":0}
{"timestamp":"2025-09-21T14:17:36.312Z","level":"debug","message":"DB Query: SELECT id, name, breed, age, gender, description, image, data_ai_hint as \"dataAiHint\" FROM cats ORDER BY id","duration":9,"rowCount":0}
{"timestamp":"2025-09-21T14:17:36.312Z","level":"info","message":"HTTP GET /api/cats 200 41980ms","method":"GET","url":"/api/cats","statusCode":200,"duration":41980,"cached":false,"count":0}
{"timestamp":"2025-09-21T14:17:36.313Z","level":"debug","message":"DB Query: SELECT id, name, breed, age, gender, description, image, data_ai_hint as \"dataAiHint\" FROM cats ORDER BY id","duration":10,"rowCount":0}
{"timestamp":"2025-09-21T14:17:36.313Z","level":"info","message":"HTTP GET /api/cats 200 36624ms","method":"GET","url":"/api/cats","statusCode":200,"duration":36624,"cached":false,"count":0}
{"timestamp":"2025-09-21T14:17:36.314Z","level":"debug","message":"DB Query: SELECT id, name, breed, age, gender, description, image, data_ai_hint as \"dataAiHint\" FROM cats ORDER BY id","duration":11,"rowCount":0}
{"timestamp":"2025-09-21T14:17:36.314Z","level":"info","message":"HTTP GET /api/cats 200 41980ms","method":"GET","url":"/api/cats","statusCode":200,"duration":41980,"cached":false,"count":0}
{"timestamp":"2025-09-21T14:17:36.315Z","level":"debug","message":"DB Query: SELECT id, name, breed, age, gender, description, image, data_ai_hint as \"dataAiHint\" FROM cats ORDER BY id","duration":12,"rowCount":0}
{"timestamp":"2025-09-21T14:17:36.315Z","level":"info","message":"HTTP GET /api/cats 200 36622ms","method":"GET","url":"/api/cats","statusCode":200,"duration":36622,"cached":false,"count":0}
{"timestamp":"2025-09-21T14:18:18.358Z","level":"error","message":"[Cache] Error setting key cats:list","key":"cats:list","error":"Reached the max retries per request limit (which is 20). Refer to \"maxRetriesPerRequest\" option for details."}
{"timestamp":"2025-09-21T14:18:18.359Z","level":"error","message":"[Cache] Error setting key cats:list","key":"cats:list","error":"Reached the max retries per request limit (which is 20). Refer to \"maxRetriesPerRequest\" option for details."}
{"timestamp":"2025-09-21T14:18:18.359Z","level":"error","message":"[Cache] Error setting key cats:list","key":"cats:list","error":"Reached the max retries per request limit (which is 20). Refer to \"maxRetriesPerRequest\" option for details."}
{"timestamp":"2025-09-21T14:18:18.359Z","level":"error","message":"[Cache] Error setting key cats:list","key":"cats:list","error":"Reached the max retries per request limit (which is 20). Refer to \"maxRetriesPerRequest\" option for details."}
{"timestamp":"2025-09-21T14:18:18.359Z","level":"error","message":"[Cache] Error setting key cats:list","key":"cats:list","error":"Reached the max retries per request limit (which is 20). Refer to \"maxRetriesPerRequest\" option for details."}
{"timestamp":"2025-09-21T14:18:18.359Z","level":"error","message":"[Cache] Error setting key cats:list","key":"cats:list","error":"Reached the max retries per request limit (which is 20). Refer to \"maxRetriesPerRequest\" option for details."}
{"timestamp":"2025-09-21T14:19:00.416Z","level":"error","message":"[Cache] Error getting key cats:list","key":"cats:list","error":"Reached the max retries per request limit (which is 20). Refer to \"maxRetriesPerRequest\" option for details."}
{"timestamp":"2025-09-21T14:19:00.416Z","level":"error","message":"[Cache] Error getting key cats:list","key":"cats:list","error":"Reached the max retries per request limit (which is 20). Refer to \"maxRetriesPerRequest\" option for details."}
{"timestamp":"2025-09-21T14:19:00.416Z","level":"error","message":"[Cache] Error getting key cats:list","key":"cats:list","error":"Reached the max retries per request limit (which is 20). Refer to \"maxRetriesPerRequest\" option for details."}
{"timestamp":"2025-09-21T14:19:00.416Z","level":"error","message":"[Cache] Error getting key cats:list","key":"cats:list","error":"Reached the max retries per request limit (which is 20). Refer to \"maxRetriesPerRequest\" option for details."}
{"timestamp":"2025-09-21T14:19:00.417Z","level":"error","message":"[Cache] Error getting key cats:list","key":"cats:list","error":"Reached the max retries per request limit (which is 20). Refer to \"maxRetriesPerRequest\" option for details."}
{"timestamp":"2025-09-21T14:19:00.417Z","level":"error","message":"[Cache] Error getting key cats:list","key":"cats:list","error":"Reached the max retries per request limit (which is 20). Refer to \"maxRetriesPerRequest\" option for details."}
{"timestamp":"2025-09-21T14:19:00.425Z","level":"debug","message":"DB Query: SELECT id, name, breed, age, gender, description, image, data_ai_hint as \"dataAiHint\" FROM cats ORDER BY id","duration":8,"rowCount":0}
{"timestamp":"2025-09-21T14:19:00.425Z","level":"info","message":"HTTP GET /api/cats 200 41967ms","method":"GET","url":"/api/cats","statusCode":200,"duration":41967,"cached":false,"count":0}
{"timestamp":"2025-09-21T14:19:00.426Z","level":"debug","message":"DB Query: SELECT id, name, breed, age, gender, description, image, data_ai_hint as \"dataAiHint\" FROM cats ORDER BY id","duration":9,"rowCount":0}
{"timestamp":"2025-09-21T14:19:00.427Z","level":"info","message":"HTTP GET /api/cats 200 41975ms","method":"GET","url":"/api/cats","statusCode":200,"duration":41975,"cached":false,"count":0}
{"timestamp":"2025-09-21T14:19:00.428Z","level":"debug","message":"DB Query: SELECT id, name, breed, age, gender, description, image, data_ai_hint as \"dataAiHint\" FROM cats ORDER BY id","duration":10,"rowCount":0}
{"timestamp":"2025-09-21T14:19:00.428Z","level":"info","message":"HTTP GET /api/cats 200 41967ms","method":"GET","url":"/api/cats","statusCode":200,"duration":41967,"cached":false,"count":0}
{"timestamp":"2025-09-21T14:19:00.429Z","level":"debug","message":"DB Query: SELECT id, name, breed, age, gender, description, image, data_ai_hint as \"dataAiHint\" FROM cats ORDER BY id","duration":11,"rowCount":0}
{"timestamp":"2025-09-21T14:19:00.429Z","level":"info","message":"HTTP GET /api/cats 200 37306ms","method":"GET","url":"/api/cats","statusCode":200,"duration":37306,"cached":false,"count":0}
{"timestamp":"2025-09-21T14:19:00.429Z","level":"debug","message":"DB Query: SELECT id, name, breed, age, gender, description, image, data_ai_hint as \"dataAiHint\" FROM cats ORDER BY id","duration":11,"rowCount":0}
{"timestamp":"2025-09-21T14:19:00.430Z","level":"info","message":"HTTP GET /api/cats 200 41967ms","method":"GET","url":"/api/cats","statusCode":200,"duration":41967,"cached":false,"count":0}
{"timestamp":"2025-09-21T14:19:00.431Z","level":"debug","message":"DB Query: SELECT id, name, breed, age, gender, description, image, data_ai_hint as \"dataAiHint\" FROM cats ORDER BY id","duration":13,"rowCount":0}
{"timestamp":"2025-09-21T14:19:00.432Z","level":"info","message":"HTTP GET /api/cats 200 29106ms","method":"GET","url":"/api/cats","statusCode":200,"duration":29106,"cached":false,"count":0}
{"timestamp":"2025-09-21T14:22:36.922Z","level":"debug","message":"Authentication successful","userId":"fallback-admin","username":"Hill"}
{"timestamp":"2025-09-21T14:22:36.931Z","level":"debug","message":"Authentication successful","userId":"fallback-admin","username":"Hill"}
{"timestamp":"2025-09-21T14:22:47.425Z","level":"error","message":"[Cache] Error getting key cats:list","key":"cats:list","error":"Reached the max retries per request limit (which is 20). Refer to \"maxRetriesPerRequest\" option for details."}
{"timestamp":"2025-09-21T14:22:47.425Z","level":"error","message":"[Cache] Error getting key cats:list","key":"cats:list","error":"Reached the max retries per request limit (which is 20). Refer to \"maxRetriesPerRequest\" option for details."}
{"timestamp":"2025-09-21T14:22:47.426Z","level":"error","message":"[Cache] Error getting key requests:list","key":"requests:list","error":"Reached the max retries per request limit (which is 20). Refer to \"maxRetriesPerRequest\" option for details."}
{"timestamp":"2025-09-21T14:22:47.426Z","level":"error","message":"[Cache] Error getting key requests:list","key":"requests:list","error":"Reached the max retries per request limit (which is 20). Refer to \"maxRetriesPerRequest\" option for details."}
{"timestamp":"2025-09-21T14:22:47.426Z","level":"error","message":"[Cache] Error getting key cats:list","key":"cats:list","error":"Reached the max retries per request limit (which is 20). Refer to \"maxRetriesPerRequest\" option for details."}
{"timestamp":"2025-09-21T14:22:47.426Z","level":"error","message":"[Cache] Error getting key cats:list","key":"cats:list","error":"Reached the max retries per request limit (which is 20). Refer to \"maxRetriesPerRequest\" option for details."}
{"timestamp":"2025-09-21T14:22:47.442Z","level":"debug","message":"DB Query: SELECT id, name, breed, age, gender, description, image, data_ai_hint as \"dataAiHint\" FROM cats ORDER BY id","duration":12,"rowCount":0}
{"timestamp":"2025-09-21T14:22:47.443Z","level":"info","message":"HTTP GET /api/cats 200 10585ms","method":"GET","url":"/api/cats","statusCode":200,"duration":10585,"cached":false,"count":0}
{"timestamp":"2025-09-21T14:22:47.444Z","level":"debug","message":"DB Query: SELECT id, name, breed, age, gender, description, image, data_ai_hint as \"dataAiHint\" FROM cats ORDER BY id","duration":17,"rowCount":0}
{"timestamp":"2025-09-21T14:22:47.444Z","level":"info","message":"HTTP GET /api/cats 200 10594ms","method":"GET","url":"/api/cats","statusCode":200,"duration":10594,"cached":false,"count":0}
{"timestamp":"2025-09-21T14:22:47.444Z","level":"debug","message":"DB Query: SELECT id, cat_name as \"catName\", request_date as \"requestDate\", status,\n                applicant_name as \"applicant.name\", applicant_email as \"applicant.email\",\n                applicant_phone as \"applicant.phone\", applicant_address as \"applicant.address\",\n                applicant_reason as \"applicant.reason\"\n         FROM adoption_requests ORDER BY id","duration":14,"rowCount":0}
{"timestamp":"2025-09-21T14:22:47.444Z","level":"debug","message":"DB Query: SELECT id, cat_name as \"catName\", request_date as \"requestDate\", status,\n                applicant_name as \"applicant.name\", applicant_email as \"applicant.email\",\n                applicant_phone as \"applicant.phone\", applicant_address as \"applicant.address\",\n                applicant_reason as \"applicant.reason\"\n         FROM adoption_requests ORDER BY id","duration":13,"rowCount":0}
{"timestamp":"2025-09-21T14:22:47.445Z","level":"debug","message":"DB Query: SELECT id, name, breed, age, gender, description, image, data_ai_hint as \"dataAiHint\" FROM cats ORDER BY id","duration":14,"rowCount":0}
{"timestamp":"2025-09-21T14:22:47.445Z","level":"info","message":"HTTP GET /api/cats 200 8506ms","method":"GET","url":"/api/cats","statusCode":200,"duration":8506,"cached":false,"count":0}
{"timestamp":"2025-09-21T14:22:47.445Z","level":"debug","message":"DB Query: SELECT id, name, breed, age, gender, description, image, data_ai_hint as \"dataAiHint\" FROM cats ORDER BY id","duration":14,"rowCount":0}
{"timestamp":"2025-09-21T14:22:47.445Z","level":"info","message":"HTTP GET /api/cats 200 8499ms","method":"GET","url":"/api/cats","statusCode":200,"duration":8499,"cached":false,"count":0}
